<?xml version="1.0" encoding="UTF-8"?>
<testsuite xmlns:xsi="http://www.w3.org/2001/XMLSchema-instance" xsi:noNamespaceSchemaLocation="https://maven.apache.org/surefire/maven-surefire-plugin/xsd/surefire-test-report-3.0.xsd" version="3.0" name="GestorTareasTest" time="0.098" tests="24" errors="0" skipped="0" failures="0">
  <properties>
[...]
</properties>
  <testcase name="testTotalDeTareasInicialYConIncremento" classname="GestorTareasTest" time="0.03"/>
  <testcase name="testAddTareaConPriorityDos" classname="GestorTareasTest" time="0.001"/>
  <testcase name="testAddTareaConPriorityUno" classname="GestorTareasTest" time="0.001"/>
  <testcase name="testCorroboraPrimeroQueIDCoincideEnCompletarTarea" classname="GestorTareasTest" time="0.002"/>
  <testcase name="testShowTareasPendientesSiHayTareasEsTrue" classname="GestorTareasTest" time="0.003"/>
  <testcase name="testEstadoDeTareaAEditarCuandoEstaCompletada" classname="GestorTareasTest" time="0.001"/>
  <testcase name="testDeleteTareaSiElIndiceEsIncorrecto" classname="GestorTareasTest" time="0.001"/>
  <testcase name="testDeShowTareasCompletasCuandoNoHayTareasCompletadas" classname="GestorTareasTest" time="0.001"/>
  <testcase name="testEditarDescripcionDeTarea" classname="GestorTareasTest" time="0.002"/>
  <testcase name="testDeEditSubMenuOptionsMensaje" classname="GestorTareasTest" time="0.001"/>
  <testcase name="testCambioDeEstadoSiEstaPendientePasaACompletada" classname="GestorTareasTest" time="0.001"/>
  <testcase name="testEstadoDeTareaAEditarCuandoNoEstaCompletada" classname="GestorTareasTest" time="0.003"/>
  <testcase name="testEditarDescripcionDeTareaMensajeExitoso" classname="GestorTareasTest" time="0.001"/>
  <testcase name="testEstadoDeTareaAEditarCuandoNoEstaCompletadaMensaje" classname="GestorTareasTest" time="0.0"/>
  <testcase name="testDeShowTareasCompletasConUnaTareaCompletada" classname="GestorTareasTest" time="0.001"/>
  <testcase name="testCompletarTareaPeroLaTareaEstaCompletada" classname="GestorTareasTest" time="0.0"/>
  <testcase name="testDeleteTareaSiElIndiceEsCorrecto" classname="GestorTareasTest" time="0.0"/>
  <testcase name="testDeShowTareasCompletasCuandoNoHayTareasAgregadas" classname="GestorTareasTest" time="0.001"/>
  <testcase name="testAddTareaConPriorityDefault" classname="GestorTareasTest" time="0.002"/>
  <testcase name="testCambioDeEstadoSiEstaCompletadoPasaAPendiente" classname="GestorTareasTest" time="0.001"/>
  <testcase name="testShowTareasPendientesSiHayTareasEsFalse" classname="GestorTareasTest" time="0.001"/>
  <testcase name="testEstadoDeTareaAEditarCuandoEstaCompletadaMensaje" classname="GestorTareasTest" time="0.001"/>
  <testcase name="testShowTareasPendientesPeroEstaCompletada" classname="GestorTareasTest" time="0.001"/>
  <testcase name="testNoHayTareas" classname="GestorTareasTest" time="0.0"/>
</testsuite>